{"C:\\Users\\gemma\\Desktop\\prueba-tecnica\\emobg-gemma\\todolist-gemma\\src\\App.vue": {"path":"C:\\Users\\gemma\\Desktop\\prueba-tecnica\\emobg-gemma\\todolist-gemma\\src\\App.vue","statementMap":{"0":{"start":{"line":9,"column":2},"end":{"line":9,"column":null}},"1":{"start":{"line":10,"column":2},"end":{"line":10,"column":null}},"2":{"start":{"line":13,"column":17},"end":{"line":13,"column":34}}},"fnMap":{},"branchMap":{},"s":{"0":1,"1":1,"2":1},"f":{},"b":{}}
,"C:\\Users\\gemma\\Desktop\\prueba-tecnica\\emobg-gemma\\todolist-gemma\\src\\components\\AddTask.vue": {"path":"C:\\Users\\gemma\\Desktop\\prueba-tecnica\\emobg-gemma\\todolist-gemma\\src\\components\\AddTask.vue","statementMap":{"0":{"start":{"line":25,"column":0},"end":{"line":25,"column":null}},"1":{"start":{"line":28,"column":0},"end":{"line":28,"column":null}},"2":{"start":{"line":30,"column":15},"end":{"line":30,"column":null}},"3":{"start":{"line":32,"column":4},"end":{"line":32,"column":11}},"4":{"start":{"line":44,"column":6},"end":{"line":44,"column":11}},"5":{"start":{"line":48,"column":6},"end":{"line":48,"column":11}},"6":{"start":{"line":53,"column":6},"end":{"line":53,"column":11}}},"fnMap":{"0":{"name":"(anonymous_0)","decl":{"start":{"line":31,"column":2},"end":{"line":31,"column":6}},"loc":{"start":{"line":31,"column":2},"end":{"line":35,"column":null}}},"1":{"name":"(anonymous_1)","decl":{"start":{"line":43,"column":4},"end":{"line":43,"column":18}},"loc":{"start":{"line":43,"column":25},"end":{"line":45,"column":null}}},"2":{"name":"(anonymous_2)","decl":{"start":{"line":47,"column":4},"end":{"line":47,"column":15}},"loc":{"start":{"line":47,"column":4},"end":{"line":54,"column":null}}}},"branchMap":{},"s":{"0":2,"1":2,"2":2,"3":0,"4":0,"5":0,"6":0},"f":{"0":0,"1":0,"2":0},"b":{}}
,"C:\\Users\\gemma\\Desktop\\prueba-tecnica\\emobg-gemma\\todolist-gemma\\src\\components\\Header.vue": {"path":"C:\\Users\\gemma\\Desktop\\prueba-tecnica\\emobg-gemma\\todolist-gemma\\src\\components\\Header.vue","statementMap":{"0":{"start":{"line":6,"column":0},"end":{"line":6,"column":null}},"1":{"start":{"line":7,"column":0},"end":{"line":7,"column":null}},"2":{"start":{"line":9,"column":15},"end":{"line":9,"column":31}}},"fnMap":{},"branchMap":{},"s":{"0":2,"1":2,"2":2},"f":{},"b":{}}
,"C:\\Users\\gemma\\Desktop\\prueba-tecnica\\emobg-gemma\\todolist-gemma\\src\\components\\ItemTask.vue": {"path":"C:\\Users\\gemma\\Desktop\\prueba-tecnica\\emobg-gemma\\todolist-gemma\\src\\components\\ItemTask.vue","statementMap":{"0":{"start":{"line":52,"column":0},"end":{"line":52,"column":null}},"1":{"start":{"line":53,"column":0},"end":{"line":53,"column":null}},"2":{"start":{"line":55,"column":15},"end":{"line":55,"column":null}},"3":{"start":{"line":64,"column":2},"end":{"line":64,"column":9}},"4":{"start":{"line":74,"column":6},"end":{"line":74,"column":11}},"5":{"start":{"line":78,"column":6},"end":{"line":78,"column":11}},"6":{"start":{"line":80,"column":6},"end":{"line":85,"column":null}},"7":{"start":{"line":81,"column":8},"end":{"line":81,"column":13}},"8":{"start":{"line":82,"column":8},"end":{"line":82,"column":13}},"9":{"start":{"line":84,"column":8},"end":{"line":84,"column":12}},"10":{"start":{"line":88,"column":29},"end":{"line":88,"column":null}},"11":{"start":{"line":89,"column":6},"end":{"line":89,"column":13}}},"fnMap":{"0":{"name":"(anonymous_0)","decl":{"start":{"line":63,"column":2},"end":{"line":63,"column":6}},"loc":{"start":{"line":63,"column":2},"end":{"line":68,"column":null}}},"1":{"name":"(anonymous_1)","decl":{"start":{"line":73,"column":4},"end":{"line":73,"column":18}},"loc":{"start":{"line":73,"column":25},"end":{"line":75,"column":null}}},"2":{"name":"(anonymous_2)","decl":{"start":{"line":77,"column":4},"end":{"line":77,"column":17}},"loc":{"start":{"line":77,"column":22},"end":{"line":86,"column":null}}},"3":{"name":"(anonymous_3)","decl":{"start":{"line":87,"column":4},"end":{"line":87,"column":17}},"loc":{"start":{"line":87,"column":27},"end":{"line":90,"column":null}}}},"branchMap":{"0":{"loc":{"start":{"line":78,"column":46},"end":{"line":78,"column":54}},"type":"cond-expr","locations":[{"start":{"line":78,"column":46},"end":{"line":78,"column":54}},{"start":{"line":78,"column":54},"end":{"line":78,"column":null}}]},"1":{"loc":{"start":{"line":80,"column":6},"end":{"line":85,"column":null}},"type":"if","locations":[{"start":{"line":80,"column":6},"end":{"line":85,"column":null}},{"start":{"line":80,"column":6},"end":{"line":85,"column":null}}]},"2":{"loc":{"start":{"line":88,"column":54},"end":{"line":88,"column":71}},"type":"cond-expr","locations":[{"start":{"line":88,"column":54},"end":{"line":88,"column":71}},{"start":{"line":88,"column":71},"end":{"line":88,"column":null}}]}},"s":{"0":2,"1":2,"2":2,"3":0,"4":0,"5":0,"6":0,"7":0,"8":0,"9":0,"10":0,"11":0},"f":{"0":0,"1":0,"2":0,"3":0},"b":{"0":[0,0],"1":[0,0],"2":[0,0]}}
,"C:\\Users\\gemma\\Desktop\\prueba-tecnica\\emobg-gemma\\todolist-gemma\\src\\components\\ListTask.vue": {"path":"C:\\Users\\gemma\\Desktop\\prueba-tecnica\\emobg-gemma\\todolist-gemma\\src\\components\\ListTask.vue","statementMap":{"0":{"start":{"line":14,"column":0},"end":{"line":14,"column":null}},"1":{"start":{"line":15,"column":0},"end":{"line":15,"column":null}},"2":{"start":{"line":17,"column":15},"end":{"line":17,"column":null}}},"fnMap":{},"branchMap":{},"s":{"0":2,"1":2,"2":2},"f":{},"b":{}}
,"C:\\Users\\gemma\\Desktop\\prueba-tecnica\\emobg-gemma\\todolist-gemma\\src\\components\\Nav.vue": {"path":"C:\\Users\\gemma\\Desktop\\prueba-tecnica\\emobg-gemma\\todolist-gemma\\src\\components\\Nav.vue","statementMap":{"0":{"start":{"line":25,"column":0},"end":{"line":25,"column":null}},"1":{"start":{"line":26,"column":0},"end":{"line":26,"column":null}},"2":{"start":{"line":28,"column":15},"end":{"line":28,"column":31}}},"fnMap":{},"branchMap":{},"s":{"0":2,"1":2,"2":2},"f":{},"b":{}}
,"C:\\Users\\gemma\\Desktop\\prueba-tecnica\\emobg-gemma\\todolist-gemma\\src\\router\\index.ts": {"path":"C:\\Users\\gemma\\Desktop\\prueba-tecnica\\emobg-gemma\\todolist-gemma\\src\\router\\index.ts","statementMap":{"0":{"start":{"line":1,"column":0},"end":{"line":1,"column":null}},"1":{"start":{"line":2,"column":0},"end":{"line":2,"column":null}},"2":{"start":{"line":3,"column":0},"end":{"line":3,"column":null}},"3":{"start":{"line":5,"column":38},"end":{"line":5,"column":null}},"4":{"start":{"line":18,"column":15},"end":{"line":18,"column":28}},"5":{"start":{"line":23,"column":15},"end":{"line":23,"column":null}}},"fnMap":{},"branchMap":{},"s":{"0":2,"1":2,"2":2,"3":2,"4":2,"5":2},"f":{},"b":{}}
,"C:\\Users\\gemma\\Desktop\\prueba-tecnica\\emobg-gemma\\todolist-gemma\\src\\store\\index.ts": {"path":"C:\\Users\\gemma\\Desktop\\prueba-tecnica\\emobg-gemma\\todolist-gemma\\src\\store\\index.ts","statementMap":{"0":{"start":{"line":1,"column":0},"end":{"line":1,"column":null}},"1":{"start":{"line":2,"column":0},"end":{"line":2,"column":null}},"2":{"start":{"line":4,"column":15},"end":{"line":4,"column":27}},"3":{"start":{"line":27,"column":25},"end":{"line":27,"column":null}},"4":{"start":{"line":28,"column":24},"end":{"line":28,"column":null}},"5":{"start":{"line":33,"column":6},"end":{"line":33,"column":12}},"6":{"start":{"line":36,"column":6},"end":{"line":36,"column":12}},"7":{"start":{"line":39,"column":6},"end":{"line":39,"column":12}},"8":{"start":{"line":42,"column":6},"end":{"line":42,"column":12}},"9":{"start":{"line":48,"column":8},"end":{"line":48,"column":13}},"10":{"start":{"line":51,"column":8},"end":{"line":51,"column":13}},"11":{"start":{"line":51,"column":51},"end":{"line":51,"column":null}},"12":{"start":{"line":54,"column":22},"end":{"line":54,"column":27}},"13":{"start":{"line":54,"column":49},"end":{"line":54,"column":null}},"14":{"start":{"line":55,"column":8},"end":{"line":57,"column":null}},"15":{"start":{"line":56,"column":10},"end":{"line":56,"column":15}},"16":{"start":{"line":60,"column":22},"end":{"line":60,"column":27}},"17":{"start":{"line":60,"column":49},"end":{"line":60,"column":null}},"18":{"start":{"line":61,"column":8},"end":{"line":63,"column":null}},"19":{"start":{"line":62,"column":10},"end":{"line":62,"column":15}}},"fnMap":{"0":{"name":"(anonymous_0)","decl":{"start":{"line":27,"column":15},"end":{"line":27,"column":25}},"loc":{"start":{"line":27,"column":25},"end":{"line":27,"column":null}}},"1":{"name":"(anonymous_1)","decl":{"start":{"line":28,"column":14},"end":{"line":28,"column":24}},"loc":{"start":{"line":28,"column":24},"end":{"line":28,"column":null}}},"2":{"name":"(anonymous_2)","decl":{"start":{"line":32,"column":4},"end":{"line":32,"column":11}},"loc":{"start":{"line":32,"column":26},"end":{"line":34,"column":null}}},"3":{"name":"(anonymous_3)","decl":{"start":{"line":35,"column":4},"end":{"line":35,"column":14}},"loc":{"start":{"line":35,"column":27},"end":{"line":37,"column":null}}},"4":{"name":"(anonymous_4)","decl":{"start":{"line":38,"column":4},"end":{"line":38,"column":14}},"loc":{"start":{"line":38,"column":29},"end":{"line":40,"column":null}}},"5":{"name":"(anonymous_5)","decl":{"start":{"line":41,"column":4},"end":{"line":41,"column":23}},"loc":{"start":{"line":41,"column":38},"end":{"line":43,"column":null}}},"6":{"name":"(anonymous_6)","decl":{"start":{"line":47,"column":6},"end":{"line":47,"column":14}},"loc":{"start":{"line":47,"column":26},"end":{"line":49,"column":null}}},"7":{"name":"(anonymous_7)","decl":{"start":{"line":50,"column":6},"end":{"line":50,"column":17}},"loc":{"start":{"line":50,"column":27},"end":{"line":52,"column":null}}},"8":{"name":"(anonymous_8)","decl":{"start":{"line":51,"column":42},"end":{"line":51,"column":51}},"loc":{"start":{"line":51,"column":51},"end":{"line":51,"column":null}}},"9":{"name":"(anonymous_9)","decl":{"start":{"line":53,"column":6},"end":{"line":53,"column":17}},"loc":{"start":{"line":53,"column":29},"end":{"line":58,"column":null}}},"10":{"name":"(anonymous_10)","decl":{"start":{"line":54,"column":44},"end":{"line":54,"column":45}},"loc":{"start":{"line":54,"column":49},"end":{"line":54,"column":null}}},"11":{"name":"(anonymous_11)","decl":{"start":{"line":59,"column":6},"end":{"line":59,"column":26}},"loc":{"start":{"line":59,"column":38},"end":{"line":64,"column":null}}},"12":{"name":"(anonymous_12)","decl":{"start":{"line":60,"column":44},"end":{"line":60,"column":45}},"loc":{"start":{"line":60,"column":49},"end":{"line":60,"column":null}}}},"branchMap":{"0":{"loc":{"start":{"line":55,"column":8},"end":{"line":57,"column":null}},"type":"if","locations":[{"start":{"line":55,"column":8},"end":{"line":57,"column":null}},{"start":{"line":55,"column":8},"end":{"line":57,"column":null}}]},"1":{"loc":{"start":{"line":61,"column":8},"end":{"line":63,"column":null}},"type":"if","locations":[{"start":{"line":61,"column":8},"end":{"line":63,"column":null}},{"start":{"line":61,"column":8},"end":{"line":63,"column":null}}]}},"s":{"0":1,"1":1,"2":1,"3":0,"4":0,"5":0,"6":0,"7":0,"8":0,"9":0,"10":0,"11":0,"12":0,"13":0,"14":0,"15":0,"16":0,"17":0,"18":0,"19":0},"f":{"0":0,"1":0,"2":0,"3":0,"4":0,"5":0,"6":0,"7":0,"8":0,"9":0,"10":0,"11":0,"12":0},"b":{"0":[0,0],"1":[0,0]}}
,"C:\\Users\\gemma\\Desktop\\prueba-tecnica\\emobg-gemma\\todolist-gemma\\src\\views\\About.vue": {"path":"C:\\Users\\gemma\\Desktop\\prueba-tecnica\\emobg-gemma\\todolist-gemma\\src\\views\\About.vue","statementMap":{"0":{"start":{"line":50,"column":0},"end":{"line":50,"column":null}},"1":{"start":{"line":52,"column":16},"end":{"line":52,"column":null}}},"fnMap":{},"branchMap":{},"s":{"0":2,"1":2},"f":{},"b":{}}
,"C:\\Users\\gemma\\Desktop\\prueba-tecnica\\emobg-gemma\\todolist-gemma\\src\\views\\Home.vue": {"path":"C:\\Users\\gemma\\Desktop\\prueba-tecnica\\emobg-gemma\\todolist-gemma\\src\\views\\Home.vue","statementMap":{"0":{"start":{"line":11,"column":0},"end":{"line":11,"column":null}},"1":{"start":{"line":12,"column":0},"end":{"line":12,"column":null}},"2":{"start":{"line":14,"column":16},"end":{"line":14,"column":null}}},"fnMap":{},"branchMap":{},"s":{"0":2,"1":2,"2":2},"f":{},"b":{}}
}
