TN:
SF:C:\Users\gemma\Desktop\prueba-tecnica\emobg-gemma\todolist-gemma\src\App.vue
FNF:0
FNH:0
DA:9,1
DA:10,1
DA:13,1
LF:3
LH:3
BRF:0
BRH:0
end_of_record
TN:
SF:C:\Users\gemma\Desktop\prueba-tecnica\emobg-gemma\todolist-gemma\src\components\AddTask.vue
FN:31,(anonymous_0)
FN:43,(anonymous_1)
FN:47,(anonymous_2)
FNF:3
FNH:0
FNDA:0,(anonymous_0)
FNDA:0,(anonymous_1)
FNDA:0,(anonymous_2)
DA:25,2
DA:28,2
DA:30,2
DA:32,0
DA:44,0
DA:48,0
DA:53,0
LF:7
LH:3
BRF:0
BRH:0
end_of_record
TN:
SF:C:\Users\gemma\Desktop\prueba-tecnica\emobg-gemma\todolist-gemma\src\components\Header.vue
FNF:0
FNH:0
DA:6,2
DA:7,2
DA:9,2
LF:3
LH:3
BRF:0
BRH:0
end_of_record
TN:
SF:C:\Users\gemma\Desktop\prueba-tecnica\emobg-gemma\todolist-gemma\src\components\ItemTask.vue
FN:63,(anonymous_0)
FN:73,(anonymous_1)
FN:77,(anonymous_2)
FN:87,(anonymous_3)
FNF:4
FNH:0
FNDA:0,(anonymous_0)
FNDA:0,(anonymous_1)
FNDA:0,(anonymous_2)
FNDA:0,(anonymous_3)
DA:52,2
DA:53,2
DA:55,2
DA:64,0
DA:74,0
DA:78,0
DA:80,0
DA:81,0
DA:82,0
DA:84,0
DA:88,0
DA:89,0
LF:12
LH:3
BRDA:78,0,0,0
BRDA:78,0,1,0
BRDA:80,1,0,0
BRDA:80,1,1,0
BRDA:88,2,0,0
BRDA:88,2,1,0
BRF:6
BRH:0
end_of_record
TN:
SF:C:\Users\gemma\Desktop\prueba-tecnica\emobg-gemma\todolist-gemma\src\components\ListTask.vue
FNF:0
FNH:0
DA:14,2
DA:15,2
DA:17,2
LF:3
LH:3
BRF:0
BRH:0
end_of_record
TN:
SF:C:\Users\gemma\Desktop\prueba-tecnica\emobg-gemma\todolist-gemma\src\components\Nav.vue
FNF:0
FNH:0
DA:25,2
DA:26,2
DA:28,2
LF:3
LH:3
BRF:0
BRH:0
end_of_record
TN:
SF:C:\Users\gemma\Desktop\prueba-tecnica\emobg-gemma\todolist-gemma\src\router\index.ts
FNF:0
FNH:0
DA:1,2
DA:2,2
DA:3,2
DA:5,2
DA:18,2
DA:23,2
LF:6
LH:6
BRF:0
BRH:0
end_of_record
TN:
SF:C:\Users\gemma\Desktop\prueba-tecnica\emobg-gemma\todolist-gemma\src\store\index.ts
FN:27,(anonymous_0)
FN:28,(anonymous_1)
FN:32,(anonymous_2)
FN:35,(anonymous_3)
FN:38,(anonymous_4)
FN:41,(anonymous_5)
FN:47,(anonymous_6)
FN:50,(anonymous_7)
FN:51,(anonymous_8)
FN:53,(anonymous_9)
FN:54,(anonymous_10)
FN:59,(anonymous_11)
FN:60,(anonymous_12)
FNF:13
FNH:0
FNDA:0,(anonymous_0)
FNDA:0,(anonymous_1)
FNDA:0,(anonymous_2)
FNDA:0,(anonymous_3)
FNDA:0,(anonymous_4)
FNDA:0,(anonymous_5)
FNDA:0,(anonymous_6)
FNDA:0,(anonymous_7)
FNDA:0,(anonymous_8)
FNDA:0,(anonymous_9)
FNDA:0,(anonymous_10)
FNDA:0,(anonymous_11)
FNDA:0,(anonymous_12)
DA:1,1
DA:2,1
DA:4,1
DA:27,0
DA:28,0
DA:33,0
DA:36,0
DA:39,0
DA:42,0
DA:48,0
DA:51,0
DA:54,0
DA:55,0
DA:56,0
DA:60,0
DA:61,0
DA:62,0
LF:17
LH:3
BRDA:55,0,0,0
BRDA:55,0,1,0
BRDA:61,1,0,0
BRDA:61,1,1,0
BRF:4
BRH:0
end_of_record
TN:
SF:C:\Users\gemma\Desktop\prueba-tecnica\emobg-gemma\todolist-gemma\src\views\About.vue
FNF:0
FNH:0
DA:50,2
DA:52,2
LF:2
LH:2
BRF:0
BRH:0
end_of_record
TN:
SF:C:\Users\gemma\Desktop\prueba-tecnica\emobg-gemma\todolist-gemma\src\views\Home.vue
FNF:0
FNH:0
DA:11,2
DA:12,2
DA:14,2
LF:3
LH:3
BRF:0
BRH:0
end_of_record
